[2023-12-01 22:20:01,071] INFO [Controller id=0] Processing automatic preferred replica leader election (kafka.controller.KafkaController)
[2023-12-01 22:20:01,081] TRACE [Controller id=0] Checking need to trigger auto leader balancing (kafka.controller.KafkaController)
[2023-12-01 22:20:01,086] DEBUG [Controller id=0] Topics not in preferred replica for broker 0 HashMap() (kafka.controller.KafkaController)
[2023-12-01 22:20:01,087] TRACE [Controller id=0] Leader imbalance ratio for broker 0 is 0.0 (kafka.controller.KafkaController)
[2023-12-01 22:25:26,014] INFO [Controller id=0] Processing automatic preferred replica leader election (kafka.controller.KafkaController)
[2023-12-01 22:25:26,016] TRACE [Controller id=0] Checking need to trigger auto leader balancing (kafka.controller.KafkaController)
[2023-12-01 22:25:26,018] DEBUG [Controller id=0] Topics not in preferred replica for broker 0 HashMap() (kafka.controller.KafkaController)
[2023-12-01 22:25:26,018] TRACE [Controller id=0] Leader imbalance ratio for broker 0 is 0.0 (kafka.controller.KafkaController)
[2023-12-01 22:30:26,010] INFO [Controller id=0] Processing automatic preferred replica leader election (kafka.controller.KafkaController)
[2023-12-01 22:30:26,012] TRACE [Controller id=0] Checking need to trigger auto leader balancing (kafka.controller.KafkaController)
[2023-12-01 22:30:26,015] DEBUG [Controller id=0] Topics not in preferred replica for broker 0 HashMap() (kafka.controller.KafkaController)
[2023-12-01 22:30:26,016] TRACE [Controller id=0] Leader imbalance ratio for broker 0 is 0.0 (kafka.controller.KafkaController)
[2023-12-01 22:32:49,590] INFO [Controller id=0] New topics: [HashSet(ResultsTopicPurchase)], deleted topics: [HashSet()], new partition replica assignment [Set(TopicIdReplicaAssignment(ResultsTopicPurchase,Some(kDimzxFASH2mXP6nN72Qkg),Map(ResultsTopicPurchase-0 -> ReplicaAssignment(replicas=0, addingReplicas=, removingReplicas=))))] (kafka.controller.KafkaController)
[2023-12-01 22:32:49,591] INFO [Controller id=0] New partition creation callback for ResultsTopicPurchase-0 (kafka.controller.KafkaController)
[2023-12-01 22:32:49,602] INFO [RequestSendThread controllerId=0] Controller 0 connected to 69b7a8c9cfbe:9092 (id: 0 rack: null) for sending state change requests (kafka.controller.RequestSendThread)
[2023-12-01 22:35:26,007] INFO [Controller id=0] Processing automatic preferred replica leader election (kafka.controller.KafkaController)
[2023-12-01 22:35:26,008] TRACE [Controller id=0] Checking need to trigger auto leader balancing (kafka.controller.KafkaController)
[2023-12-01 22:35:26,010] DEBUG [Controller id=0] Topics not in preferred replica for broker 0 HashMap() (kafka.controller.KafkaController)
[2023-12-01 22:35:26,010] TRACE [Controller id=0] Leader imbalance ratio for broker 0 is 0.0 (kafka.controller.KafkaController)
[2023-12-01 22:40:26,004] INFO [Controller id=0] Processing automatic preferred replica leader election (kafka.controller.KafkaController)
[2023-12-01 22:40:26,005] TRACE [Controller id=0] Checking need to trigger auto leader balancing (kafka.controller.KafkaController)
[2023-12-01 22:40:26,008] DEBUG [Controller id=0] Topics not in preferred replica for broker 0 HashMap() (kafka.controller.KafkaController)
[2023-12-01 22:40:26,008] TRACE [Controller id=0] Leader imbalance ratio for broker 0 is 0.0 (kafka.controller.KafkaController)
[2023-12-01 22:42:19,302] INFO [Controller id=0] New topics: [HashSet(ResultsTopicSale)], deleted topics: [HashSet()], new partition replica assignment [Set(TopicIdReplicaAssignment(ResultsTopicSale,Some(58NA7aUnQb-PkITQ74uUNg),Map(ResultsTopicSale-0 -> ReplicaAssignment(replicas=0, addingReplicas=, removingReplicas=))))] (kafka.controller.KafkaController)
[2023-12-01 22:42:19,303] INFO [Controller id=0] New partition creation callback for ResultsTopicSale-0 (kafka.controller.KafkaController)
[2023-12-01 22:45:25,999] INFO [Controller id=0] Processing automatic preferred replica leader election (kafka.controller.KafkaController)
[2023-12-01 22:45:26,001] TRACE [Controller id=0] Checking need to trigger auto leader balancing (kafka.controller.KafkaController)
[2023-12-01 22:45:26,001] DEBUG [Controller id=0] Topics not in preferred replica for broker 0 HashMap() (kafka.controller.KafkaController)
[2023-12-01 22:45:26,002] TRACE [Controller id=0] Leader imbalance ratio for broker 0 is 0.0 (kafka.controller.KafkaController)
