[2023-12-03T00:30:21.676+0000][gc,init] CardTable entry size: 512
[2023-12-03T00:30:21.676+0000][gc     ] Using G1
[2023-12-03T00:30:21.683+0000][gc,init] Version: 18.0.2.1+1-1 (release)
[2023-12-03T00:30:21.683+0000][gc,init] CPUs: 8 total, 8 available
[2023-12-03T00:30:21.683+0000][gc,init] Memory: 7851M
[2023-12-03T00:30:21.683+0000][gc,init] Large Page Support: Disabled
[2023-12-03T00:30:21.684+0000][gc,init] NUMA Support: Disabled
[2023-12-03T00:30:21.684+0000][gc,init] Compressed Oops: Enabled (32-bit)
[2023-12-03T00:30:21.684+0000][gc,init] Heap Region Size: 1M
[2023-12-03T00:30:21.684+0000][gc,init] Heap Min Capacity: 1G
[2023-12-03T00:30:21.684+0000][gc,init] Heap Initial Capacity: 1G
[2023-12-03T00:30:21.684+0000][gc,init] Heap Max Capacity: 1G
[2023-12-03T00:30:21.684+0000][gc,init] Pre-touch: Disabled
[2023-12-03T00:30:21.684+0000][gc,init] Parallel Workers: 8
[2023-12-03T00:30:21.684+0000][gc,init] Concurrent Workers: 2
[2023-12-03T00:30:21.684+0000][gc,init] Concurrent Refinement Workers: 8
[2023-12-03T00:30:21.685+0000][gc,init] Periodic GC: Disabled
[2023-12-03T00:30:21.685+0000][gc,metaspace] CDS archive(s) mapped at: [0x0000000800000000-0x0000000800bc0000-0x0000000800bc0000), size 12320768, SharedBaseAddress: 0x0000000800000000, ArchiveRelocationMode: 0.
[2023-12-03T00:30:21.685+0000][gc,metaspace] Compressed class space mapped at: 0x0000000800c00000-0x0000000840c00000, reserved size: 1073741824
[2023-12-03T00:30:21.685+0000][gc,metaspace] Narrow klass base: 0x0000000800000000, Narrow klass shift: 0, Narrow klass range: 0x100000000
[2023-12-03T00:30:22.440+0000][gc,start    ] GC(0) Pause Young (Normal) (G1 Evacuation Pause)
[2023-12-03T00:30:22.442+0000][gc,task     ] GC(0) Using 8 workers of 8 for evacuation
[2023-12-03T00:30:22.449+0000][gc,phases   ] GC(0)   Pre Evacuate Collection Set: 0.3ms
[2023-12-03T00:30:22.449+0000][gc,phases   ] GC(0)   Merge Heap Roots: 0.2ms
[2023-12-03T00:30:22.450+0000][gc,phases   ] GC(0)   Evacuate Collection Set: 4.6ms
[2023-12-03T00:30:22.450+0000][gc,phases   ] GC(0)   Post Evacuate Collection Set: 1.1ms
[2023-12-03T00:30:22.450+0000][gc,phases   ] GC(0)   Other: 2.0ms
[2023-12-03T00:30:22.450+0000][gc,heap     ] GC(0) Eden regions: 51->0(44)
[2023-12-03T00:30:22.450+0000][gc,heap     ] GC(0) Survivor regions: 0->7(7)
[2023-12-03T00:30:22.450+0000][gc,heap     ] GC(0) Old regions: 0->1
[2023-12-03T00:30:22.450+0000][gc,heap     ] GC(0) Archive regions: 2->2
[2023-12-03T00:30:22.450+0000][gc,heap     ] GC(0) Humongous regions: 0->0
[2023-12-03T00:30:22.450+0000][gc,metaspace] GC(0) Metaspace: 18705K(18944K)->18705K(18944K) NonClass: 16560K(16704K)->16560K(16704K) Class: 2144K(2240K)->2144K(2240K)
[2023-12-03T00:30:22.451+0000][gc          ] GC(0) Pause Young (Normal) (G1 Evacuation Pause) 51M->8M(1024M) 10.352ms
[2023-12-03T00:30:22.451+0000][gc,cpu      ] GC(0) User=0.02s Sys=0.01s Real=0.01s
[2023-12-03T00:30:22.662+0000][gc,start    ] GC(1) Pause Young (Concurrent Start) (Metadata GC Threshold)
[2023-12-03T00:30:22.663+0000][gc,task     ] GC(1) Using 8 workers of 8 for evacuation
[2023-12-03T00:30:22.670+0000][gc,phases   ] GC(1)   Pre Evacuate Collection Set: 0.4ms
[2023-12-03T00:30:22.671+0000][gc,phases   ] GC(1)   Merge Heap Roots: 0.1ms
[2023-12-03T00:30:22.672+0000][gc,phases   ] GC(1)   Evacuate Collection Set: 5.0ms
[2023-12-03T00:30:22.673+0000][gc,phases   ] GC(1)   Post Evacuate Collection Set: 0.8ms
[2023-12-03T00:30:22.674+0000][gc,phases   ] GC(1)   Other: 0.7ms
[2023-12-03T00:30:22.674+0000][gc,heap     ] GC(1) Eden regions: 11->0(49)
[2023-12-03T00:30:22.674+0000][gc,heap     ] GC(1) Survivor regions: 7->2(7)
[2023-12-03T00:30:22.674+0000][gc,heap     ] GC(1) Old regions: 1->8
[2023-12-03T00:30:22.674+0000][gc,heap     ] GC(1) Archive regions: 2->2
[2023-12-03T00:30:22.675+0000][gc,heap     ] GC(1) Humongous regions: 0->0
[2023-12-03T00:30:22.675+0000][gc,metaspace] GC(1) Metaspace: 21292K(21504K)->21292K(21504K) NonClass: 18796K(18880K)->18796K(18880K) Class: 2495K(2624K)->2495K(2624K)
[2023-12-03T00:30:22.675+0000][gc          ] GC(1) Pause Young (Concurrent Start) (Metadata GC Threshold) 18M->9M(1024M) 12.943ms
[2023-12-03T00:30:22.676+0000][gc,cpu      ] GC(1) User=0.03s Sys=0.00s Real=0.02s
[2023-12-03T00:30:22.677+0000][gc          ] GC(2) Concurrent Mark Cycle
[2023-12-03T00:30:22.677+0000][gc,marking  ] GC(2) Concurrent Clear Claimed Marks
[2023-12-03T00:30:22.678+0000][gc,marking  ] GC(2) Concurrent Clear Claimed Marks 0.320ms
[2023-12-03T00:30:22.678+0000][gc,marking  ] GC(2) Concurrent Scan Root Regions
[2023-12-03T00:30:22.681+0000][gc,marking  ] GC(2) Concurrent Scan Root Regions 3.167ms
[2023-12-03T00:30:22.682+0000][gc,marking  ] GC(2) Concurrent Mark
[2023-12-03T00:30:22.682+0000][gc,marking  ] GC(2) Concurrent Mark From Roots
[2023-12-03T00:30:22.682+0000][gc,task     ] GC(2) Using 2 workers of 2 for marking
[2023-12-03T00:30:22.685+0000][gc,marking  ] GC(2) Concurrent Mark From Roots 3.030ms
[2023-12-03T00:30:22.685+0000][gc,marking  ] GC(2) Concurrent Preclean
[2023-12-03T00:30:22.686+0000][gc,marking  ] GC(2) Concurrent Preclean 0.314ms
[2023-12-03T00:30:22.686+0000][gc,start    ] GC(2) Pause Remark
[2023-12-03T00:30:22.689+0000][gc          ] GC(2) Pause Remark 10M->10M(1024M) 2.696ms
[2023-12-03T00:30:22.689+0000][gc,cpu      ] GC(2) User=0.00s Sys=0.00s Real=0.00s
[2023-12-03T00:30:22.690+0000][gc,marking  ] GC(2) Concurrent Mark 8.192ms
[2023-12-03T00:30:22.691+0000][gc,marking  ] GC(2) Concurrent Rebuild Remembered Sets
[2023-12-03T00:30:22.694+0000][gc,marking  ] GC(2) Concurrent Rebuild Remembered Sets 3.438ms
[2023-12-03T00:30:22.695+0000][gc,start    ] GC(2) Pause Cleanup
[2023-12-03T00:30:22.695+0000][gc          ] GC(2) Pause Cleanup 10M->10M(1024M) 0.539ms
[2023-12-03T00:30:22.696+0000][gc,cpu      ] GC(2) User=0.00s Sys=0.00s Real=0.00s
[2023-12-03T00:30:22.696+0000][gc,marking  ] GC(2) Concurrent Cleanup for Next Mark
[2023-12-03T00:30:22.700+0000][gc,marking  ] GC(2) Concurrent Cleanup for Next Mark 3.653ms
[2023-12-03T00:30:22.700+0000][gc          ] GC(2) Concurrent Mark Cycle 23.303ms
[2023-12-03T00:30:23.480+0000][gc,start    ] GC(3) Pause Young (Normal) (G1 Evacuation Pause)
[2023-12-03T00:30:23.481+0000][gc,task     ] GC(3) Using 8 workers of 8 for evacuation
[2023-12-03T00:30:23.490+0000][gc,phases   ] GC(3)   Pre Evacuate Collection Set: 0.4ms
[2023-12-03T00:30:23.491+0000][gc,phases   ] GC(3)   Merge Heap Roots: 0.1ms
[2023-12-03T00:30:23.492+0000][gc,phases   ] GC(3)   Evacuate Collection Set: 3.8ms
[2023-12-03T00:30:23.493+0000][gc,phases   ] GC(3)   Post Evacuate Collection Set: 3.9ms
[2023-12-03T00:30:23.495+0000][gc,phases   ] GC(3)   Other: 0.8ms
[2023-12-03T00:30:23.495+0000][gc,heap     ] GC(3) Eden regions: 49->0(45)
[2023-12-03T00:30:23.497+0000][gc,heap     ] GC(3) Survivor regions: 2->6(7)
[2023-12-03T00:30:23.498+0000][gc,heap     ] GC(3) Old regions: 8->8
[2023-12-03T00:30:23.499+0000][gc,heap     ] GC(3) Archive regions: 2->2
[2023-12-03T00:30:23.500+0000][gc,heap     ] GC(3) Humongous regions: 129->129
[2023-12-03T00:30:23.500+0000][gc,metaspace] GC(3) Metaspace: 30382K(30784K)->30382K(30784K) NonClass: 27035K(27264K)->27035K(27264K) Class: 3347K(3520K)->3347K(3520K)
[2023-12-03T00:30:23.501+0000][gc          ] GC(3) Pause Young (Normal) (G1 Evacuation Pause) 187M->142M(1024M) 20.813ms
[2023-12-03T00:30:23.501+0000][gc,cpu      ] GC(3) User=0.03s Sys=0.01s Real=0.02s
[2023-12-03T00:30:23.808+0000][gc,start    ] GC(4) Pause Young (Concurrent Start) (Metadata GC Threshold)
[2023-12-03T00:30:23.809+0000][gc,task     ] GC(4) Using 8 workers of 8 for evacuation
[2023-12-03T00:30:23.814+0000][gc,phases   ] GC(4)   Pre Evacuate Collection Set: 0.3ms
[2023-12-03T00:30:23.815+0000][gc,phases   ] GC(4)   Merge Heap Roots: 0.1ms
[2023-12-03T00:30:23.815+0000][gc,phases   ] GC(4)   Evacuate Collection Set: 4.3ms
[2023-12-03T00:30:23.815+0000][gc,phases   ] GC(4)   Post Evacuate Collection Set: 0.7ms
[2023-12-03T00:30:23.815+0000][gc,phases   ] GC(4)   Other: 0.3ms
[2023-12-03T00:30:23.816+0000][gc,heap     ] GC(4) Eden regions: 25->0(48)
[2023-12-03T00:30:23.816+0000][gc,heap     ] GC(4) Survivor regions: 6->3(7)
[2023-12-03T00:30:23.817+0000][gc,heap     ] GC(4) Old regions: 8->13
[2023-12-03T00:30:23.817+0000][gc,heap     ] GC(4) Archive regions: 2->2
[2023-12-03T00:30:23.817+0000][gc,heap     ] GC(4) Humongous regions: 129->129
[2023-12-03T00:30:23.817+0000][gc,metaspace] GC(4) Metaspace: 36143K(36480K)->36143K(36480K) NonClass: 32166K(32320K)->32166K(32320K) Class: 3977K(4160K)->3977K(4160K)
[2023-12-03T00:30:23.817+0000][gc          ] GC(4) Pause Young (Concurrent Start) (Metadata GC Threshold) 167M->144M(1024M) 8.834ms
[2023-12-03T00:30:23.817+0000][gc          ] GC(5) Concurrent Mark Cycle
[2023-12-03T00:30:23.817+0000][gc,marking  ] GC(5) Concurrent Clear Claimed Marks
[2023-12-03T00:30:23.817+0000][gc,cpu      ] GC(4) User=0.03s Sys=0.01s Real=0.01s
[2023-12-03T00:30:23.818+0000][gc,marking  ] GC(5) Concurrent Clear Claimed Marks 0.155ms
[2023-12-03T00:30:23.818+0000][gc,marking  ] GC(5) Concurrent Scan Root Regions
[2023-12-03T00:30:23.821+0000][gc,marking  ] GC(5) Concurrent Scan Root Regions 2.560ms
[2023-12-03T00:30:23.821+0000][gc,marking  ] GC(5) Concurrent Mark
[2023-12-03T00:30:23.822+0000][gc,marking  ] GC(5) Concurrent Mark From Roots
[2023-12-03T00:30:23.822+0000][gc,task     ] GC(5) Using 2 workers of 2 for marking
[2023-12-03T00:30:23.831+0000][gc,marking  ] GC(5) Concurrent Mark From Roots 9.708ms
[2023-12-03T00:30:23.832+0000][gc,marking  ] GC(5) Concurrent Preclean
[2023-12-03T00:30:23.832+0000][gc,marking  ] GC(5) Concurrent Preclean 0.540ms
[2023-12-03T00:30:23.833+0000][gc,start    ] GC(5) Pause Remark
[2023-12-03T00:30:23.836+0000][gc          ] GC(5) Pause Remark 147M->147M(1024M) 3.071ms
[2023-12-03T00:30:23.837+0000][gc,cpu      ] GC(5) User=0.01s Sys=0.00s Real=0.01s
[2023-12-03T00:30:23.838+0000][gc,marking  ] GC(5) Concurrent Mark 16.555ms
[2023-12-03T00:30:23.839+0000][gc,marking  ] GC(5) Concurrent Rebuild Remembered Sets
[2023-12-03T00:30:23.839+0000][gc,marking  ] GC(5) Concurrent Rebuild Remembered Sets 0.464ms
[2023-12-03T00:30:23.840+0000][gc,start    ] GC(5) Pause Cleanup
[2023-12-03T00:30:23.840+0000][gc          ] GC(5) Pause Cleanup 147M->147M(1024M) 0.183ms
[2023-12-03T00:30:23.840+0000][gc,cpu      ] GC(5) User=0.00s Sys=0.00s Real=0.00s
[2023-12-03T00:30:23.840+0000][gc,marking  ] GC(5) Concurrent Cleanup for Next Mark
[2023-12-03T00:30:23.845+0000][gc,marking  ] GC(5) Concurrent Cleanup for Next Mark 4.923ms
[2023-12-03T00:30:23.846+0000][gc          ] GC(5) Concurrent Mark Cycle 28.941ms
